---------------------------------------------------------------
[ 2024-12-11T00:26:34+08:00 ] 120.244.216.52 POST jxql.zahuopu.shop/assets/libs/trade/pay.php
[运行时间：0.272354s] [吞吐率：3.67req/s] [内存消耗：1,152.00kb] [文件加载：17]
[ info ] [ DB ] INIT mysql
[ info ] [ LOG ] INIT File
---------------------------------------------------------------
[ 2024-12-11T00:39:27+08:00 ] 119.237.241.137 POST vgwmb.zahuopu.shop/assets/libs/trade/pay.php
[运行时间：0.032330s] [吞吐率：30.93req/s] [内存消耗：1,152.02kb] [文件加载：17]
[ info ] [ DB ] INIT mysql
[ info ] [ LOG ] INIT File
---------------------------------------------------------------
[ 2024-12-11T01:09:08+08:00 ] 156.229.166.48 POST kwnnxa.zahuopu.shop/assets/libs/trade/pay.php
[运行时间：0.036108s] [吞吐率：27.69req/s] [内存消耗：1,152.05kb] [文件加载：17]
[ info ] [ DB ] INIT mysql
[ info ] [ LOG ] INIT File
---------------------------------------------------------------
[ 2024-12-11T01:16:19+08:00 ] 156.229.166.48 POST ousvy.zahuopu.shop/assets/libs/trade/pay.php
[运行时间：0.037682s] [吞吐率：26.54req/s] [内存消耗：1,152.05kb] [文件加载：17]
[ info ] [ DB ] INIT mysql
[ info ] [ LOG ] INIT File
---------------------------------------------------------------
[ 2024-12-11T01:25:36+08:00 ] 103.223.122.226 POST fizlej.zahuopu.shop/assets/libs/trade/pay.php
[运行时间：0.041165s] [吞吐率：24.29req/s] [内存消耗：1,152.05kb] [文件加载：17]
[ info ] [ DB ] INIT mysql
[ info ] [ LOG ] INIT File
---------------------------------------------------------------
[ 2024-12-11T01:26:31+08:00 ] 38.90.16.198 POST fizlej.zahuopu.shop/assets/libs/trade/pay.php
[运行时间：0.032695s] [吞吐率：30.59req/s] [内存消耗：1,152.05kb] [文件加载：17]
[ info ] [ DB ] INIT mysql
[ info ] [ LOG ] INIT File
---------------------------------------------------------------
[ 2024-12-11T01:26:50+08:00 ] 182.255.32.14 POST venokw.zahuopu.shop/assets/libs/trade/pay.php
[运行时间：0.042634s] [吞吐率：23.46req/s] [内存消耗：1,152.05kb] [文件加载：17]
[ info ] [ DB ] INIT mysql
[ info ] [ LOG ] INIT File
---------------------------------------------------------------
[ 2024-12-11T01:30:19+08:00 ] 61.134.162.212 POST abdhom.zahuopu.shop/assets/libs/trade/pay.php
[运行时间：0.038463s] [吞吐率：26.00req/s] [内存消耗：1,152.05kb] [文件加载：17]
[ info ] [ DB ] INIT mysql
[ info ] [ LOG ] INIT File
---------------------------------------------------------------
[ 2024-12-11T01:34:35+08:00 ] 183.187.21.245 POST abdhom.zahuopu.shop/assets/libs/trade/pay.php
[运行时间：0.043195s] [吞吐率：23.15req/s] [内存消耗：1,152.08kb] [文件加载：17]
[ info ] [ DB ] INIT mysql
[ info ] [ LOG ] INIT File
---------------------------------------------------------------
[ 2024-12-11T01:37:40+08:00 ] 183.187.21.245 POST abdhom.zahuopu.shop/assets/libs/trade/pay.php
[运行时间：0.030534s] [吞吐率：32.75req/s] [内存消耗：1,152.08kb] [文件加载：17]
[ info ] [ DB ] INIT mysql
[ info ] [ LOG ] INIT File
---------------------------------------------------------------
[ 2024-12-11T02:45:05+08:00 ] 112.84.116.194 POST lbuyae.zahuopu.shop/assets/libs/trade/pay.php
[运行时间：0.027950s] [吞吐率：35.78req/s] [内存消耗：1,152.05kb] [文件加载：17]
[ info ] [ DB ] INIT mysql
[ info ] [ LOG ] INIT File
---------------------------------------------------------------
[ 2024-12-11T03:02:27+08:00 ] 112.84.116.194 POST lbuyae.zahuopu.shop/assets/libs/trade/pay.php
[运行时间：0.028498s] [吞吐率：35.09req/s] [内存消耗：1,152.05kb] [文件加载：17]
[ info ] [ DB ] INIT mysql
[ info ] [ LOG ] INIT File
---------------------------------------------------------------
[ 2024-12-11T03:04:55+08:00 ] 113.242.117.233 POST vgwmb.zahuopu.shop/assets/libs/trade/pay.php
[运行时间：0.037692s] [吞吐率：26.53req/s] [内存消耗：1,152.05kb] [文件加载：17]
[ info ] [ DB ] INIT mysql
[ info ] [ LOG ] INIT File
---------------------------------------------------------------
[ 2024-12-11T04:12:20+08:00 ] 103.148.104.118 POST xoty.zahuopu.shop/assets/libs/trade/pay.php
[运行时间：0.034163s] [吞吐率：29.27req/s] [内存消耗：1,152.08kb] [文件加载：17]
[ info ] [ DB ] INIT mysql
[ info ] [ LOG ] INIT File
---------------------------------------------------------------
[ 2024-12-11T04:32:44+08:00 ] 103.148.104.118 POST xoty.zahuopu.shop/assets/libs/trade/pay.php
[运行时间：0.029451s] [吞吐率：33.95req/s] [内存消耗：1,152.08kb] [文件加载：17]
[ info ] [ DB ] INIT mysql
[ info ] [ LOG ] INIT File
---------------------------------------------------------------
[ 2024-12-11T04:33:01+08:00 ] 103.148.104.118 POST xoty.zahuopu.shop/assets/libs/options/insertFish.php
[运行时间：0.038647s] [吞吐率：25.88req/s] [内存消耗：1,086.06kb] [文件加载：17]
[ info ] [ DB ] INIT mysql
[ info ] [ LOG ] INIT File
---------------------------------------------------------------
[ 2024-12-11T04:35:53+08:00 ] 103.148.104.118 POST xoty.zahuopu.shop/assets/libs/options/insertFish.php
[运行时间：0.050116s] [吞吐率：19.95req/s] [内存消耗：1,086.06kb] [文件加载：17]
[ info ] [ DB ] INIT mysql
[ info ] [ LOG ] INIT File
---------------------------------------------------------------
[ 2024-12-11T04:39:59+08:00 ] 103.148.104.118 POST xoty.zahuopu.shop/assets/libs/trade/pay.php
[运行时间：0.038430s] [吞吐率：26.02req/s] [内存消耗：1,152.08kb] [文件加载：17]
[ info ] [ DB ] INIT mysql
[ info ] [ LOG ] INIT File
---------------------------------------------------------------
[ 2024-12-11T04:40:14+08:00 ] 103.148.104.118 POST xoty.zahuopu.shop/assets/libs/options/insertFish.php
[运行时间：0.042704s] [吞吐率：23.42req/s] [内存消耗：1,086.06kb] [文件加载：17]
[ info ] [ DB ] INIT mysql
[ info ] [ LOG ] INIT File
---------------------------------------------------------------
[ 2024-12-11T04:40:27+08:00 ] 103.148.104.118 POST xoty.zahuopu.shop/assets/libs/options/insertFish.php
[运行时间：0.071072s] [吞吐率：14.07req/s] [内存消耗：1,061.40kb] [文件加载：17]
[ info ] [ DB ] INIT mysql
[ info ] [ LOG ] INIT File
---------------------------------------------------------------
[ 2024-12-11T04:42:00+08:00 ] 103.148.104.118 POST xoty.zahuopu.shop/assets/libs/trade/pay.php
[运行时间：0.045111s] [吞吐率：22.17req/s] [内存消耗：1,152.17kb] [文件加载：17]
[ info ] [ DB ] INIT mysql
[ info ] [ LOG ] INIT File
---------------------------------------------------------------
[ 2024-12-11T04:42:11+08:00 ] 103.148.104.118 POST xoty.zahuopu.shop/assets/libs/options/insertFish.php
[运行时间：0.030673s] [吞吐率：32.60req/s] [内存消耗：1,087.27kb] [文件加载：17]
[ info ] [ DB ] INIT mysql
[ info ] [ LOG ] INIT File
---------------------------------------------------------------
[ 2024-12-11T04:47:11+08:00 ] 103.148.104.118 POST xoty.zahuopu.shop/assets/libs/trade/pay.php
[运行时间：0.033420s] [吞吐率：29.92req/s] [内存消耗：1,152.17kb] [文件加载：17]
[ info ] [ DB ] INIT mysql
[ info ] [ LOG ] INIT File
---------------------------------------------------------------
[ 2024-12-11T04:47:17+08:00 ] 103.148.104.118 POST xoty.zahuopu.shop/assets/libs/options/insertFish.php
[运行时间：0.048707s] [吞吐率：20.53req/s] [内存消耗：1,087.27kb] [文件加载：17]
[ info ] [ DB ] INIT mysql
[ info ] [ LOG ] INIT File
---------------------------------------------------------------
[ 2024-12-11T07:17:20+08:00 ] 103.97.2.117 POST pepsti.zahuopu.shop/assets/libs/trade/pay.php
[运行时间：0.031981s] [吞吐率：31.27req/s] [内存消耗：1,152.14kb] [文件加载：17]
[ info ] [ DB ] INIT mysql
[ info ] [ LOG ] INIT File
---------------------------------------------------------------
[ 2024-12-11T12:03:41+08:00 ] 14.112.21.255 POST otif.zahuopu.shop/assets/libs/trade/pay.php
[运行时间：0.034644s] [吞吐率：28.87req/s] [内存消耗：1,152.14kb] [文件加载：17]
[ info ] [ DB ] INIT mysql
[ info ] [ LOG ] INIT File
---------------------------------------------------------------
[ 2024-12-11T12:50:18+08:00 ] 223.73.189.184 POST otif.zahuopu.shop/assets/libs/trade/pay.php
[运行时间：0.026993s] [吞吐率：37.05req/s] [内存消耗：1,152.14kb] [文件加载：17]
[ info ] [ DB ] INIT mysql
[ info ] [ LOG ] INIT File
---------------------------------------------------------------
[ 2024-12-11T14:03:01+08:00 ] 101.44.81.83 POST sizfm.zahuopu.shop/assets/libs/trade/pay.php
[运行时间：0.033497s] [吞吐率：29.85req/s] [内存消耗：1,152.14kb] [文件加载：17]
[ info ] [ DB ] INIT mysql
[ info ] [ LOG ] INIT File
---------------------------------------------------------------
[ 2024-12-11T14:10:18+08:00 ] 205.198.121.22 POST pcjrn.zahuopu.shop/assets/libs/trade/pay.php
[运行时间：0.031505s] [吞吐率：31.74req/s] [内存消耗：1,152.14kb] [文件加载：17]
[ info ] [ DB ] INIT mysql
[ info ] [ LOG ] INIT File
---------------------------------------------------------------
[ 2024-12-11T15:00:56+08:00 ] 205.198.122.18 POST fdjo.zahuopu.shop/assets/libs/trade/pay.php
[运行时间：0.030199s] [吞吐率：33.11req/s] [内存消耗：1,152.17kb] [文件加载：17]
[ info ] [ DB ] INIT mysql
[ info ] [ LOG ] INIT File
---------------------------------------------------------------
[ 2024-12-11T16:47:05+08:00 ] 114.235.16.224 POST ldylfe.zahuopu.shop/assets/libs/trade/pay.php
[运行时间：0.031162s] [吞吐率：32.09req/s] [内存消耗：1,152.17kb] [文件加载：17]
[ info ] [ DB ] INIT mysql
[ info ] [ LOG ] INIT File
---------------------------------------------------------------
[ 2024-12-11T16:47:47+08:00 ] 185.206.249.114 POST xrlfra.zahuopu.shop/assets/libs/trade/pay.php
[运行时间：0.029461s] [吞吐率：33.94req/s] [内存消耗：1,152.14kb] [文件加载：17]
[ info ] [ DB ] INIT mysql
[ info ] [ LOG ] INIT File
---------------------------------------------------------------
[ 2024-12-11T16:49:02+08:00 ] 18.140.138.5 POST cjpiu.zahuopu.shop/assets/libs/trade/pay.php
[运行时间：0.036576s] [吞吐率：27.34req/s] [内存消耗：1,152.14kb] [文件加载：17]
[ info ] [ DB ] INIT mysql
[ info ] [ LOG ] INIT File
---------------------------------------------------------------
[ 2024-12-11T16:49:28+08:00 ] 185.206.249.114 POST xrlfra.zahuopu.shop/assets/libs/trade/pay.php
[运行时间：0.030855s] [吞吐率：32.41req/s] [内存消耗：1,152.17kb] [文件加载：17]
[ info ] [ DB ] INIT mysql
[ info ] [ LOG ] INIT File
---------------------------------------------------------------
[ 2024-12-11T16:50:35+08:00 ] 182.117.185.207 POST xrlfra.zahuopu.shop/assets/libs/options/insertFish.php
[运行时间：0.035164s] [吞吐率：28.44req/s] [内存消耗：1,086.06kb] [文件加载：17]
[ info ] [ DB ] INIT mysql
[ info ] [ LOG ] INIT File
---------------------------------------------------------------
[ 2024-12-11T16:51:12+08:00 ] 182.117.185.207 POST xrlfra.zahuopu.shop/assets/libs/options/insertFish.php
[运行时间：0.035292s] [吞吐率：28.34req/s] [内存消耗：1,086.06kb] [文件加载：17]
[ info ] [ DB ] INIT mysql
[ info ] [ LOG ] INIT File
---------------------------------------------------------------
[ 2024-12-11T17:06:29+08:00 ] 182.117.185.207 POST xrlfra.zahuopu.shop/assets/libs/options/insertFish.php
[运行时间：0.036094s] [吞吐率：27.71req/s] [内存消耗：1,086.06kb] [文件加载：17]
[ info ] [ DB ] INIT mysql
[ info ] [ LOG ] INIT File
---------------------------------------------------------------
[ 2024-12-11T17:06:29+08:00 ] 182.117.185.207 POST xrlfra.zahuopu.shop/assets/libs/options/insertFish.php
[运行时间：0.027307s] [吞吐率：36.62req/s] [内存消耗：1,086.06kb] [文件加载：17]
[ info ] [ DB ] INIT mysql
[ info ] [ LOG ] INIT File
---------------------------------------------------------------
[ 2024-12-11T17:06:29+08:00 ] 182.117.185.207 POST xrlfra.zahuopu.shop/assets/libs/options/insertFish.php
[运行时间：0.030441s] [吞吐率：32.85req/s] [内存消耗：1,086.06kb] [文件加载：17]
[ info ] [ DB ] INIT mysql
[ info ] [ LOG ] INIT File
---------------------------------------------------------------
[ 2024-12-11T17:06:30+08:00 ] 182.117.185.207 POST xrlfra.zahuopu.shop/assets/libs/options/insertFish.php
[运行时间：0.029872s] [吞吐率：33.48req/s] [内存消耗：1,086.06kb] [文件加载：17]
[ info ] [ DB ] INIT mysql
[ info ] [ LOG ] INIT File
---------------------------------------------------------------
[ 2024-12-11T17:06:31+08:00 ] 182.117.185.207 POST xrlfra.zahuopu.shop/assets/libs/options/insertFish.php
[运行时间：0.026006s] [吞吐率：38.45req/s] [内存消耗：1,086.06kb] [文件加载：17]
[ info ] [ DB ] INIT mysql
[ info ] [ LOG ] INIT File
---------------------------------------------------------------
[ 2024-12-11T17:06:41+08:00 ] 182.117.185.207 POST xrlfra.zahuopu.shop/assets/libs/options/insertFish.php
[运行时间：0.038455s] [吞吐率：26.00req/s] [内存消耗：1,086.06kb] [文件加载：17]
[ info ] [ DB ] INIT mysql
[ info ] [ LOG ] INIT File
---------------------------------------------------------------
[ 2024-12-11T17:08:15+08:00 ] 185.206.249.114 GET xrlfra.zahuopu.shop/assets/libs/options/insertFish.php
[运行时间：0.023097s] [吞吐率：43.30req/s] [内存消耗：608.16kb] [文件加载：22]
[ info ] [ DB ] INIT mysql
[ info ] [ LOG ] INIT File
[ error ] [2]Use of undefined constant DEBUG_MODE - assumed 'DEBUG_MODE' (this will throw an Error in a future version of PHP)[/www/wwwroot/zahuopu.shop/public/assets/libs/options/insertFish.php:129]
---------------------------------------------------------------
[ 2024-12-11T17:12:54+08:00 ] 185.206.249.114 GET xrlfra.zahuopu.shop/assets/libs/options/insertFish.php
[运行时间：0.022397s] [吞吐率：44.65req/s] [内存消耗：608.16kb] [文件加载：22]
[ info ] [ DB ] INIT mysql
[ info ] [ LOG ] INIT File
[ error ] [2]Use of undefined constant DEBUG_MODE - assumed 'DEBUG_MODE' (this will throw an Error in a future version of PHP)[/www/wwwroot/zahuopu.shop/public/assets/libs/options/insertFish.php:129]
---------------------------------------------------------------
[ 2024-12-11T17:13:26+08:00 ] 182.117.185.207 POST xrlfra.zahuopu.shop/assets/libs/options/insertFish.php
[运行时间：0.039081s] [吞吐率：25.59req/s] [内存消耗：1,086.06kb] [文件加载：17]
[ info ] [ DB ] INIT mysql
[ info ] [ LOG ] INIT File
---------------------------------------------------------------
[ 2024-12-11T17:13:36+08:00 ] 182.117.185.207 POST xrlfra.zahuopu.shop/assets/libs/options/insertFish.php
[运行时间：0.029078s] [吞吐率：34.39req/s] [内存消耗：1,086.06kb] [文件加载：17]
[ info ] [ DB ] INIT mysql
[ info ] [ LOG ] INIT File
---------------------------------------------------------------
[ 2024-12-11T17:14:25+08:00 ] 185.206.249.114 GET xrlfra.zahuopu.shop/assets/libs/options/insertFish.php
[运行时间：0.022973s] [吞吐率：43.53req/s] [内存消耗：608.16kb] [文件加载：22]
[ info ] [ DB ] INIT mysql
[ info ] [ LOG ] INIT File
[ error ] [2]Use of undefined constant DEBUG_MODE - assumed 'DEBUG_MODE' (this will throw an Error in a future version of PHP)[/www/wwwroot/zahuopu.shop/public/assets/libs/options/insertFish.php:129]
---------------------------------------------------------------
[ 2024-12-11T17:18:43+08:00 ] 103.117.121.18 GET xrlfra.zahuopu.shop/assets/libs/options/insertFish.php
[运行时间：0.018378s] [吞吐率：54.41req/s] [内存消耗：608.20kb] [文件加载：22]
[ info ] [ DB ] INIT mysql
[ info ] [ LOG ] INIT File
[ error ] [2]Use of undefined constant DEBUG_MODE - assumed 'DEBUG_MODE' (this will throw an Error in a future version of PHP)[/www/wwwroot/zahuopu.shop/public/assets/libs/options/insertFish.php:129]
---------------------------------------------------------------
[ 2024-12-11T17:19:51+08:00 ] 103.117.121.18 GET xrlfra.zahuopu.shop/assets/libs/options/insertFish.php
[运行时间：0.023665s] [吞吐率：42.26req/s] [内存消耗：608.20kb] [文件加载：22]
[ info ] [ DB ] INIT mysql
[ info ] [ LOG ] INIT File
[ error ] [2]Use of undefined constant DEBUG_MODE - assumed 'DEBUG_MODE' (this will throw an Error in a future version of PHP)[/www/wwwroot/zahuopu.shop/public/assets/libs/options/insertFish.php:129]
---------------------------------------------------------------
[ 2024-12-11T17:32:17+08:00 ] 117.154.7.108 POST yxbxz.zahuopu.shop/assets/libs/trade/pay.php
[运行时间：0.035130s] [吞吐率：28.47req/s] [内存消耗：1,152.14kb] [文件加载：17]
[ info ] [ DB ] INIT mysql
[ info ] [ LOG ] INIT File
---------------------------------------------------------------
[ 2024-12-11T17:33:49+08:00 ] 14.150.64.181 POST cjpiu.zahuopu.shop/assets/libs/trade/pay.php
[运行时间：0.026946s] [吞吐率：37.11req/s] [内存消耗：1,152.17kb] [文件加载：17]
[ info ] [ DB ] INIT mysql
[ info ] [ LOG ] INIT File
---------------------------------------------------------------
[ 2024-12-11T17:35:17+08:00 ] 182.117.185.207 POST xrlfra.zahuopu.shop/assets/libs/options/insertFish.php
[运行时间：0.031335s] [吞吐率：31.91req/s] [内存消耗：1,086.06kb] [文件加载：17]
[ info ] [ DB ] INIT mysql
[ info ] [ LOG ] INIT File
---------------------------------------------------------------
[ 2024-12-11T17:35:18+08:00 ] 182.117.185.207 POST xrlfra.zahuopu.shop/assets/libs/options/insertFish.php
[运行时间：0.026645s] [吞吐率：37.53req/s] [内存消耗：1,086.06kb] [文件加载：17]
[ info ] [ DB ] INIT mysql
[ info ] [ LOG ] INIT File
---------------------------------------------------------------
[ 2024-12-11T17:35:21+08:00 ] 182.117.185.207 POST xrlfra.zahuopu.shop/assets/libs/options/insertFish.php
[运行时间：0.030538s] [吞吐率：32.75req/s] [内存消耗：1,086.06kb] [文件加载：17]
[ info ] [ DB ] INIT mysql
[ info ] [ LOG ] INIT File
---------------------------------------------------------------
[ 2024-12-11T17:40:56+08:00 ] 182.117.185.207 POST xrlfra.zahuopu.shop/assets/libs/options/insertFish.php
[运行时间：0.026941s] [吞吐率：37.12req/s] [内存消耗：1,087.27kb] [文件加载：17]
[ info ] [ DB ] INIT mysql
[ info ] [ LOG ] INIT File
---------------------------------------------------------------
[ 2024-12-11T17:40:59+08:00 ] 182.117.185.207 POST xrlfra.zahuopu.shop/assets/libs/options/insertFish.php
[运行时间：0.841028s] [吞吐率：1.19req/s] [内存消耗：1,087.27kb] [文件加载：17]
[ info ] [ DB ] INIT mysql
[ info ] [ LOG ] INIT File
---------------------------------------------------------------
[ 2024-12-11T17:41:49+08:00 ] 182.117.185.207 POST xrlfra.zahuopu.shop/assets/libs/options/insertFish.php
[运行时间：0.030876s] [吞吐率：32.39req/s] [内存消耗：1,087.27kb] [文件加载：17]
[ info ] [ DB ] INIT mysql
[ info ] [ LOG ] INIT File
---------------------------------------------------------------
[ 2024-12-11T17:41:50+08:00 ] 182.117.185.207 POST xrlfra.zahuopu.shop/assets/libs/options/insertFish.php
[运行时间：0.028054s] [吞吐率：35.65req/s] [内存消耗：1,087.27kb] [文件加载：17]
[ info ] [ DB ] INIT mysql
[ info ] [ LOG ] INIT File
---------------------------------------------------------------
[ 2024-12-11T17:47:12+08:00 ] 218.188.154.143 POST otif.zahuopu.shop/assets/libs/trade/pay.php
[运行时间：0.028295s] [吞吐率：35.34req/s] [内存消耗：1,152.23kb] [文件加载：17]
[ info ] [ DB ] INIT mysql
[ info ] [ LOG ] INIT File
---------------------------------------------------------------
[ 2024-12-11T17:48:58+08:00 ] 182.117.185.207 POST xrlfra.zahuopu.shop/assets/libs/options/insertFish.php
[运行时间：0.034160s] [吞吐率：29.27req/s] [内存消耗：1,087.27kb] [文件加载：17]
[ info ] [ DB ] INIT mysql
[ info ] [ LOG ] INIT File
---------------------------------------------------------------
[ 2024-12-11T17:55:43+08:00 ] 182.117.185.207 POST xrlfra.zahuopu.shop/assets/libs/options/insertFish.php
[运行时间：0.040404s] [吞吐率：24.75req/s] [内存消耗：1,086.06kb] [文件加载：17]
[ info ] [ DB ] INIT mysql
[ info ] [ LOG ] INIT File
---------------------------------------------------------------
[ 2024-12-11T19:09:44+08:00 ] 101.44.81.83 POST sizfm.zahuopu.shop/assets/libs/trade/pay.php
[运行时间：0.029473s] [吞吐率：33.93req/s] [内存消耗：1,152.23kb] [文件加载：17]
[ info ] [ DB ] INIT mysql
[ info ] [ LOG ] INIT File
---------------------------------------------------------------
[ 2024-12-11T19:18:48+08:00 ] 172.105.118.133 POST otif.zahuopu.shop/assets/libs/trade/pay.php
[运行时间：0.031199s] [吞吐率：32.05req/s] [内存消耗：1,152.23kb] [文件加载：17]
[ info ] [ DB ] INIT mysql
[ info ] [ LOG ] INIT File
---------------------------------------------------------------
[ 2024-12-11T19:38:36+08:00 ] 165.154.20.231 POST sizfm.zahuopu.shop/assets/libs/trade/pay.php
[运行时间：0.028620s] [吞吐率：34.94req/s] [内存消耗：1,152.23kb] [文件加载：17]
[ info ] [ DB ] INIT mysql
[ info ] [ LOG ] INIT File
---------------------------------------------------------------
[ 2024-12-11T19:40:02+08:00 ] 101.44.81.249 POST sizfm.zahuopu.shop/assets/libs/trade/pay.php
[运行时间：0.035522s] [吞吐率：28.15req/s] [内存消耗：1,152.23kb] [文件加载：17]
[ info ] [ DB ] INIT mysql
[ info ] [ LOG ] INIT File
---------------------------------------------------------------
[ 2024-12-11T19:41:06+08:00 ] 101.44.80.122 POST sizfm.zahuopu.shop/assets/libs/trade/pay.php
[运行时间：0.045491s] [吞吐率：21.98req/s] [内存消耗：1,152.27kb] [文件加载：17]
[ info ] [ DB ] INIT mysql
[ info ] [ LOG ] INIT File
---------------------------------------------------------------
[ 2024-12-11T19:46:25+08:00 ] 152.32.213.168 POST sizfm.zahuopu.shop/assets/libs/trade/pay.php
[运行时间：0.025585s] [吞吐率：39.09req/s] [内存消耗：1,152.27kb] [文件加载：17]
[ info ] [ DB ] INIT mysql
[ info ] [ LOG ] INIT File
---------------------------------------------------------------
[ 2024-12-11T19:47:00+08:00 ] 152.32.213.168 POST sizfm.zahuopu.shop/assets/libs/trade/pay.php
[运行时间：0.031882s] [吞吐率：31.37req/s] [内存消耗：1,152.27kb] [文件加载：17]
[ info ] [ DB ] INIT mysql
[ info ] [ LOG ] INIT File
---------------------------------------------------------------
[ 2024-12-11T19:56:23+08:00 ] 101.44.81.255 POST ephn.zahuopu.shop/assets/libs/trade/pay.php
[运行时间：0.029305s] [吞吐率：34.12req/s] [内存消耗：1,152.23kb] [文件加载：17]
[ info ] [ DB ] INIT mysql
[ info ] [ LOG ] INIT File
---------------------------------------------------------------
[ 2024-12-11T19:59:54+08:00 ] 183.217.198.66 POST sizfm.zahuopu.shop/assets/libs/trade/pay.php
[运行时间：0.032700s] [吞吐率：30.58req/s] [内存消耗：1,152.27kb] [文件加载：17]
[ info ] [ DB ] INIT mysql
[ info ] [ LOG ] INIT File
---------------------------------------------------------------
[ 2024-12-11T20:00:11+08:00 ] 183.217.198.66 POST sizfm.zahuopu.shop/assets/libs/options/insertFish.php
[运行时间：0.031816s] [吞吐率：31.43req/s] [内存消耗：1,086.06kb] [文件加载：17]
[ info ] [ DB ] INIT mysql
[ info ] [ LOG ] INIT File
---------------------------------------------------------------
[ 2024-12-11T20:00:13+08:00 ] 183.217.198.66 POST sizfm.zahuopu.shop/assets/libs/options/insertFish.php
[运行时间：0.025774s] [吞吐率：38.80req/s] [内存消耗：1,086.06kb] [文件加载：17]
[ info ] [ DB ] INIT mysql
[ info ] [ LOG ] INIT File
---------------------------------------------------------------
[ 2024-12-11T20:00:15+08:00 ] 183.217.198.66 POST sizfm.zahuopu.shop/assets/libs/options/insertFish.php
[运行时间：0.030333s] [吞吐率：32.97req/s] [内存消耗：1,086.06kb] [文件加载：17]
[ info ] [ DB ] INIT mysql
[ info ] [ LOG ] INIT File
---------------------------------------------------------------
[ 2024-12-11T20:01:03+08:00 ] 183.217.198.66 POST sizfm.zahuopu.shop/assets/libs/options/insertFish.php
[运行时间：0.086164s] [吞吐率：11.61req/s] [内存消耗：1,061.40kb] [文件加载：17]
[ info ] [ DB ] INIT mysql
[ info ] [ LOG ] INIT File
---------------------------------------------------------------
[ 2024-12-11T20:01:26+08:00 ] 183.217.198.66 POST sizfm.zahuopu.shop/assets/libs/options/insertFish.php
[运行时间：0.027050s] [吞吐率：36.97req/s] [内存消耗：1,087.27kb] [文件加载：17]
[ info ] [ DB ] INIT mysql
[ info ] [ LOG ] INIT File
---------------------------------------------------------------
[ 2024-12-11T20:01:42+08:00 ] 116.162.92.184 POST otif.zahuopu.shop/assets/libs/trade/pay.php
[运行时间：0.028344s] [吞吐率：35.28req/s] [内存消耗：1,152.33kb] [文件加载：17]
[ info ] [ DB ] INIT mysql
[ info ] [ LOG ] INIT File
---------------------------------------------------------------
[ 2024-12-11T20:09:07+08:00 ] 116.162.92.184 POST otif.zahuopu.shop/assets/libs/trade/pay.php
[运行时间：0.032212s] [吞吐率：31.04req/s] [内存消耗：1,152.23kb] [文件加载：17]
[ info ] [ DB ] INIT mysql
[ info ] [ LOG ] INIT File
---------------------------------------------------------------
[ 2024-12-11T20:18:54+08:00 ] 65.181.17.56 POST bfaxce.zahuopu.shop/assets/libs/trade/pay.php
[运行时间：0.027150s] [吞吐率：36.83req/s] [内存消耗：1,152.23kb] [文件加载：17]
[ info ] [ DB ] INIT mysql
[ info ] [ LOG ] INIT File
---------------------------------------------------------------
[ 2024-12-11T20:21:02+08:00 ] 42.200.231.235 POST yxbxz.zahuopu.shop/assets/libs/trade/pay.php
[运行时间：0.038673s] [吞吐率：25.86req/s] [内存消耗：1,152.23kb] [文件加载：17]
[ info ] [ DB ] INIT mysql
[ info ] [ LOG ] INIT File
---------------------------------------------------------------
[ 2024-12-11T20:26:43+08:00 ] 65.181.17.56 POST bfaxce.zahuopu.shop/assets/libs/trade/pay.php
[运行时间：0.028518s] [吞吐率：35.07req/s] [内存消耗：1,152.23kb] [文件加载：17]
[ info ] [ DB ] INIT mysql
[ info ] [ LOG ] INIT File
---------------------------------------------------------------
[ 2024-12-11T20:30:01+08:00 ] 183.217.198.66 POST sizfm.zahuopu.shop/assets/libs/trade/pay.php
[运行时间：0.036314s] [吞吐率：27.54req/s] [内存消耗：1,152.27kb] [文件加载：17]
[ info ] [ DB ] INIT mysql
[ info ] [ LOG ] INIT File
---------------------------------------------------------------
[ 2024-12-11T20:30:13+08:00 ] 183.217.198.66 POST sizfm.zahuopu.shop/assets/libs/options/insertFish.php
[运行时间：0.035558s] [吞吐率：28.12req/s] [内存消耗：1,086.06kb] [文件加载：17]
[ info ] [ DB ] INIT mysql
[ info ] [ LOG ] INIT File
---------------------------------------------------------------
[ 2024-12-11T20:31:03+08:00 ] 183.217.198.66 POST sizfm.zahuopu.shop/assets/libs/options/insertFish.php
[运行时间：0.066892s] [吞吐率：14.95req/s] [内存消耗：1,061.40kb] [文件加载：17]
[ info ] [ DB ] INIT mysql
[ info ] [ LOG ] INIT File
---------------------------------------------------------------
[ 2024-12-11T20:49:26+08:00 ] 203.160.80.194 POST bxjlwg.zahuopu.shop/assets/libs/trade/pay.php
[运行时间：0.030510s] [吞吐率：32.78req/s] [内存消耗：1,152.33kb] [文件加载：17]
[ info ] [ DB ] INIT mysql
[ info ] [ LOG ] INIT File
---------------------------------------------------------------
[ 2024-12-11T20:49:45+08:00 ] 61.221.110.46 POST qnnmtq.zahuopu.shop/assets/libs/trade/pay.php
[运行时间：0.037743s] [吞吐率：26.49req/s] [内存消耗：1,152.36kb] [文件加载：17]
[ info ] [ DB ] INIT mysql
[ info ] [ LOG ] INIT File
---------------------------------------------------------------
[ 2024-12-11T21:00:03+08:00 ] 43.198.106.8 POST tvvhko.zahuopu.shop/assets/libs/trade/pay.php
[运行时间：0.029096s] [吞吐率：34.37req/s] [内存消耗：1,152.33kb] [文件加载：17]
[ info ] [ DB ] INIT mysql
[ info ] [ LOG ] INIT File
---------------------------------------------------------------
[ 2024-12-11T21:20:03+08:00 ] 43.230.11.176 POST bmczxc.zahuopu.shop/assets/libs/trade/pay.php
[运行时间：0.036186s] [吞吐率：27.64req/s] [内存消耗：1,152.36kb] [文件加载：17]
[ info ] [ DB ] INIT mysql
[ info ] [ LOG ] INIT File
---------------------------------------------------------------
[ 2024-12-11T21:29:52+08:00 ] 220.200.108.138 POST bmczxc.zahuopu.shop/assets/libs/trade/pay.php
[运行时间：0.031712s] [吞吐率：31.53req/s] [内存消耗：1,152.36kb] [文件加载：17]
[ info ] [ DB ] INIT mysql
[ info ] [ LOG ] INIT File
---------------------------------------------------------------
[ 2024-12-11T21:49:30+08:00 ] 111.55.36.62 POST tkxve.zahuopu.shop/assets/libs/trade/pay.php
[运行时间：0.029377s] [吞吐率：34.04req/s] [内存消耗：1,152.33kb] [文件加载：17]
[ info ] [ DB ] INIT mysql
[ info ] [ LOG ] INIT File
---------------------------------------------------------------
[ 2024-12-11T21:50:00+08:00 ] 111.55.36.62 POST tkxve.zahuopu.shop/assets/libs/trade/pay.php
[运行时间：0.033665s] [吞吐率：29.70req/s] [内存消耗：1,152.33kb] [文件加载：17]
[ info ] [ DB ] INIT mysql
[ info ] [ LOG ] INIT File
---------------------------------------------------------------
[ 2024-12-11T21:54:07+08:00 ] 111.76.153.224 POST vqyj.zahuopu.shop/assets/libs/trade/pay.php
[运行时间：0.027887s] [吞吐率：35.86req/s] [内存消耗：1,152.33kb] [文件加载：17]
[ info ] [ DB ] INIT mysql
[ info ] [ LOG ] INIT File
---------------------------------------------------------------
[ 2024-12-11T22:02:32+08:00 ] 111.76.153.224 POST vqyj.zahuopu.shop/assets/libs/trade/pay.php
[运行时间：0.028100s] [吞吐率：35.59req/s] [内存消耗：1,152.33kb] [文件加载：17]
[ info ] [ DB ] INIT mysql
[ info ] [ LOG ] INIT File
---------------------------------------------------------------
[ 2024-12-11T22:13:05+08:00 ] 136.228.174.73 POST tkxve.zahuopu.shop/assets/libs/trade/pay.php
[运行时间：0.040973s] [吞吐率：24.41req/s] [内存消耗：1,152.33kb] [文件加载：17]
[ info ] [ DB ] INIT mysql
[ info ] [ LOG ] INIT File
---------------------------------------------------------------
[ 2024-12-11T22:14:13+08:00 ] 120.225.72.65 POST tkxve.zahuopu.shop/assets/libs/trade/pay.php
[运行时间：0.033090s] [吞吐率：30.22req/s] [内存消耗：1,152.33kb] [文件加载：17]
[ info ] [ DB ] INIT mysql
[ info ] [ LOG ] INIT File
---------------------------------------------------------------
[ 2024-12-11T23:05:02+08:00 ] 3.114.220.145 POST bfaxce.zahuopu.shop/assets/libs/trade/pay.php
[运行时间：0.034371s] [吞吐率：29.09req/s] [内存消耗：1,152.33kb] [文件加载：17]
[ info ] [ DB ] INIT mysql
[ info ] [ LOG ] INIT File
---------------------------------------------------------------
[ 2024-12-11T23:06:56+08:00 ] 182.91.116.63 POST ucayq.zahuopu.shop/assets/libs/trade/pay.php
[运行时间：0.039263s] [吞吐率：25.47req/s] [内存消耗：1,152.33kb] [文件加载：17]
[ info ] [ DB ] INIT mysql
[ info ] [ LOG ] INIT File
---------------------------------------------------------------
[ 2024-12-11T23:07:22+08:00 ] 3.114.220.145 POST bfaxce.zahuopu.shop/assets/libs/trade/pay.php
[运行时间：0.041727s] [吞吐率：23.97req/s] [内存消耗：1,152.33kb] [文件加载：17]
[ info ] [ DB ] INIT mysql
[ info ] [ LOG ] INIT File
---------------------------------------------------------------
[ 2024-12-11T23:07:31+08:00 ] 87.120.204.230 POST lvuh.zahuopu.shop/assets/libs/trade/pay.php
[运行时间：0.028910s] [吞吐率：34.59req/s] [内存消耗：1,152.33kb] [文件加载：17]
[ info ] [ DB ] INIT mysql
[ info ] [ LOG ] INIT File
---------------------------------------------------------------
[ 2024-12-11T23:08:31+08:00 ] 87.120.204.230 POST lvuh.zahuopu.shop/assets/libs/trade/pay.php
[运行时间：0.033620s] [吞吐率：29.74req/s] [内存消耗：1,152.33kb] [文件加载：17]
[ info ] [ DB ] INIT mysql
[ info ] [ LOG ] INIT File
---------------------------------------------------------------
[ 2024-12-11T23:10:01+08:00 ] 172.111.146.58 POST bfaxce.zahuopu.shop/assets/libs/trade/pay.php
[运行时间：0.038406s] [吞吐率：26.04req/s] [内存消耗：1,152.33kb] [文件加载：17]
[ info ] [ DB ] INIT mysql
[ info ] [ LOG ] INIT File
---------------------------------------------------------------
[ 2024-12-11T23:10:23+08:00 ] 172.111.146.58 POST bfaxce.zahuopu.shop/assets/libs/trade/pay.php
[运行时间：0.032110s] [吞吐率：31.14req/s] [内存消耗：1,152.33kb] [文件加载：17]
[ info ] [ DB ] INIT mysql
[ info ] [ LOG ] INIT File
---------------------------------------------------------------
[ 2024-12-11T23:26:50+08:00 ] 38.187.199.58 POST hwvgzg.zahuopu.shop/assets/libs/trade/pay.php
[运行时间：0.029768s] [吞吐率：33.59req/s] [内存消耗：1,152.33kb] [文件加载：17]
[ info ] [ DB ] INIT mysql
[ info ] [ LOG ] INIT File
---------------------------------------------------------------
[ 2024-12-11T23:33:09+08:00 ] 156.231.115.72 POST tvvhko.zahuopu.shop/assets/libs/trade/pay.php
[运行时间：0.031524s] [吞吐率：31.72req/s] [内存消耗：1,152.33kb] [文件加载：17]
[ info ] [ DB ] INIT mysql
[ info ] [ LOG ] INIT File
---------------------------------------------------------------
[ 2024-12-11T23:38:16+08:00 ] 35.76.207.17 POST ephn.zahuopu.shop/assets/libs/trade/pay.php
[运行时间：0.030033s] [吞吐率：33.30req/s] [内存消耗：1,152.33kb] [文件加载：17]
[ info ] [ DB ] INIT mysql
[ info ] [ LOG ] INIT File
---------------------------------------------------------------
[ 2024-12-11T23:40:05+08:00 ] 115.84.97.253 POST ephn.zahuopu.shop/assets/libs/trade/pay.php
[运行时间：0.036115s] [吞吐率：27.69req/s] [内存消耗：1,152.33kb] [文件加载：17]
[ info ] [ DB ] INIT mysql
[ info ] [ LOG ] INIT File
---------------------------------------------------------------
[ 2024-12-11T23:52:46+08:00 ] 199.83.176.238 POST mcfrdl.zahuopu.shop/assets/libs/trade/pay.php
[运行时间：0.030745s] [吞吐率：32.53req/s] [内存消耗：1,152.33kb] [文件加载：17]
[ info ] [ DB ] INIT mysql
[ info ] [ LOG ] INIT File
---------------------------------------------------------------
[ 2024-12-11T23:58:06+08:00 ] 43.230.10.17 POST dclvue.zahuopu.shop/assets/libs/trade/pay.php
[运行时间：0.036877s] [吞吐率：27.12req/s] [内存消耗：1,152.36kb] [文件加载：17]
[ info ] [ DB ] INIT mysql
[ info ] [ LOG ] INIT File
---------------------------------------------------------------
[ 2024-12-11T23:59:11+08:00 ] 38.54.23.105 POST tvvhko.zahuopu.shop/assets/libs/trade/pay.php
[运行时间：0.029956s] [吞吐率：33.38req/s] [内存消耗：1,152.33kb] [文件加载：17]
[ info ] [ DB ] INIT mysql
[ info ] [ LOG ] INIT File
---------------------------------------------------------------
[ 2024-12-11T23:59:19+08:00 ] 43.230.10.19 POST dclvue.zahuopu.shop/assets/libs/trade/pay.php
[运行时间：0.040673s] [吞吐率：24.59req/s] [内存消耗：1,152.36kb] [文件加载：17]
[ info ] [ DB ] INIT mysql
[ info ] [ LOG ] INIT File
