---------------------------------------------------------------
[ 2025-03-28T16:20:12+08:00 ] 110.79.241.197 POST www.93662.vip/assets/libs/options/insertFish.php
[运行时间：0.038768s] [吞吐率：25.79req/s] [内存消耗：1,118.91kb] [文件加载：17]
[ info ] [ DB ] INIT mysql
[ info ] [ LOG ] INIT File
---------------------------------------------------------------
[ 2025-03-28T16:20:12+08:00 ] 110.79.241.197 POST 93662.vip/assets/libs/options/insertFish.php
[运行时间：0.046867s] [吞吐率：21.34req/s] [内存消耗：1,118.91kb] [文件加载：17]
[ info ] [ DB ] INIT mysql
[ info ] [ LOG ] INIT File
---------------------------------------------------------------
[ 2025-03-28T16:20:12+08:00 ] 110.79.241.197 GET www.93662.vip/assets/libs/options/insertFish.php
[运行时间：0.012310s] [吞吐率：81.23req/s] [内存消耗：462.97kb] [文件加载：15]
[ info ] [ DB ] INIT mysql
[ info ] [ LOG ] INIT File
---------------------------------------------------------------
[ 2025-03-28T16:20:13+08:00 ] 110.79.241.197 GET 93662.vip/assets/libs/options/insertFish.php
[运行时间：0.011645s] [吞吐率：85.87req/s] [内存消耗：462.97kb] [文件加载：15]
[ info ] [ DB ] INIT mysql
[ info ] [ LOG ] INIT File
---------------------------------------------------------------
[ 2025-03-28T17:08:31+08:00 ] 110.79.241.197 POST 93662.vip/assets/libs/options/insertFish.php
[运行时间：0.039101s] [吞吐率：25.57req/s] [内存消耗：1,116.50kb] [文件加载：17]
[ info ] [ DB ] INIT mysql
[ info ] [ LOG ] INIT File
---------------------------------------------------------------
[ 2025-03-28T17:08:31+08:00 ] 110.79.241.197 POST www.93662.vip/assets/libs/options/insertFish.php
[运行时间：0.036678s] [吞吐率：27.26req/s] [内存消耗：1,116.50kb] [文件加载：17]
[ info ] [ DB ] INIT mysql
[ info ] [ LOG ] INIT File
---------------------------------------------------------------
[ 2025-03-28T17:08:32+08:00 ] 110.79.241.197 GET www.93662.vip/assets/libs/options/insertFish.php
[运行时间：0.011743s] [吞吐率：85.16req/s] [内存消耗：462.97kb] [文件加载：15]
[ info ] [ DB ] INIT mysql
[ info ] [ LOG ] INIT File
---------------------------------------------------------------
[ 2025-03-28T17:08:32+08:00 ] 110.79.241.197 GET 93662.vip/assets/libs/options/insertFish.php
[运行时间：0.013218s] [吞吐率：75.65req/s] [内存消耗：462.97kb] [文件加载：15]
[ info ] [ DB ] INIT mysql
[ info ] [ LOG ] INIT File
---------------------------------------------------------------
[ 2025-03-28T18:28:59+08:00 ] 143.198.80.226 POST 93662.vip/assets/libs/options/getDomainOptions.php
[运行时间：0.026920s] [吞吐率：37.15req/s] [内存消耗：1,154.28kb] [文件加载：17]
[ info ] [ DB ] INIT mysql
[ info ] [ LOG ] INIT File
---------------------------------------------------------------
[ 2025-03-28T18:29:00+08:00 ] 143.198.80.226 POST 93662.vip/assets/libs/trade/pay.php
[运行时间：0.029034s] [吞吐率：34.44req/s] [内存消耗：1,216.23kb] [文件加载：17]
[ info ] [ DB ] INIT mysql
[ info ] [ LOG ] INIT File
---------------------------------------------------------------
[ 2025-03-28T18:50:45+08:00 ] 23.142.200.51 POST 93662.vip/assets/libs/jiaoyi/bot.php
[运行时间：0.771712s] [吞吐率：1.30req/s] [内存消耗：1,178.45kb] [文件加载：17]
[ info ] [ DB ] INIT mysql
[ info ] [ LOG ] INIT File
---------------------------------------------------------------
[ 2025-03-28T18:53:06+08:00 ] 143.198.80.226 POST 93662.vip/assets/libs/options/getDomainOptions.php
[运行时间：0.040382s] [吞吐率：24.76req/s] [内存消耗：1,154.28kb] [文件加载：17]
[ info ] [ DB ] INIT mysql
[ info ] [ LOG ] INIT File
---------------------------------------------------------------
[ 2025-03-28T18:53:06+08:00 ] 143.198.80.226 POST 93662.vip/assets/libs/trade/pay.php
[运行时间：0.040179s] [吞吐率：24.89req/s] [内存消耗：1,212.23kb] [文件加载：17]
[ info ] [ DB ] INIT mysql
[ info ] [ LOG ] INIT File
---------------------------------------------------------------
[ 2025-03-28T19:02:12+08:00 ] 143.198.80.226 GET 93662.vip//assets/libs/options/insertFish.php
[运行时间：0.023928s] [吞吐率：41.79req/s] [内存消耗：462.97kb] [文件加载：15]
[ info ] [ DB ] INIT mysql
[ info ] [ LOG ] INIT File
---------------------------------------------------------------
[ 2025-03-28T19:05:34+08:00 ] 143.198.80.226 POST 93662.vip/assets/libs/options/getDomainOptions.php
[运行时间：0.041775s] [吞吐率：23.94req/s] [内存消耗：1,154.28kb] [文件加载：17]
[ info ] [ DB ] INIT mysql
[ info ] [ LOG ] INIT File
---------------------------------------------------------------
[ 2025-03-28T19:05:34+08:00 ] 143.198.80.226 POST 93662.vip/assets/libs/trade/pay.php
[运行时间：0.031114s] [吞吐率：32.14req/s] [内存消耗：1,216.23kb] [文件加载：17]
[ info ] [ DB ] INIT mysql
[ info ] [ LOG ] INIT File
---------------------------------------------------------------
[ 2025-03-28T19:05:52+08:00 ] 143.198.80.226 POST 93662.vip/assets/libs/jiaoyi/bot.php
[运行时间：0.796029s] [吞吐率：1.26req/s] [内存消耗：1,178.36kb] [文件加载：17]
[ info ] [ DB ] INIT mysql
[ info ] [ LOG ] INIT File
---------------------------------------------------------------
[ 2025-03-28T19:06:23+08:00 ] 143.198.80.226 POST 93662.vip/assets/libs/options/getDomainOptions.php
[运行时间：0.028751s] [吞吐率：34.78req/s] [内存消耗：1,154.28kb] [文件加载：17]
[ info ] [ DB ] INIT mysql
[ info ] [ LOG ] INIT File
---------------------------------------------------------------
[ 2025-03-28T19:06:24+08:00 ] 143.198.80.226 POST 93662.vip/assets/libs/trade/pay.php
[运行时间：0.028882s] [吞吐率：34.62req/s] [内存消耗：1,216.23kb] [文件加载：17]
[ info ] [ DB ] INIT mysql
[ info ] [ LOG ] INIT File
---------------------------------------------------------------
[ 2025-03-28T19:06:33+08:00 ] 143.198.80.226 POST 93662.vip/assets/libs/jiaoyi/bot.php
[运行时间：0.863467s] [吞吐率：1.16req/s] [内存消耗：1,178.36kb] [文件加载：17]
[ info ] [ DB ] INIT mysql
[ info ] [ LOG ] INIT File
---------------------------------------------------------------
[ 2025-03-28T19:06:48+08:00 ] 143.198.80.226 POST 93662.vip/assets/libs/options/insertFish.php
[运行时间：0.031539s] [吞吐率：31.71req/s] [内存消耗：1,144.70kb] [文件加载：17]
[ info ] [ DB ] INIT mysql
[ info ] [ LOG ] INIT File
---------------------------------------------------------------
[ 2025-03-28T19:27:38+08:00 ] 143.198.80.226 POST 93662.vip/assets/libs/jiaoyi/bot.php
[运行时间：0.774987s] [吞吐率：1.29req/s] [内存消耗：1,178.36kb] [文件加载：17]
[ info ] [ DB ] INIT mysql
[ info ] [ LOG ] INIT File
---------------------------------------------------------------
[ 2025-03-28T19:27:40+08:00 ] 143.198.80.226 POST 93662.vip/assets/libs/options/insertFish.php
[运行时间：0.026759s] [吞吐率：37.37req/s] [内存消耗：1,144.70kb] [文件加载：17]
[ info ] [ DB ] INIT mysql
[ info ] [ LOG ] INIT File
---------------------------------------------------------------
[ 2025-03-28T19:29:53+08:00 ] 143.198.80.226 POST 93662.vip/assets/libs/jiaoyi/bot.php
[运行时间：0.735756s] [吞吐率：1.36req/s] [内存消耗：1,178.36kb] [文件加载：17]
[ info ] [ DB ] INIT mysql
[ info ] [ LOG ] INIT File
---------------------------------------------------------------
[ 2025-03-28T19:29:53+08:00 ] 143.198.80.226 POST 93662.vip/assets/libs/options/insertFish.php
[运行时间：0.026869s] [吞吐率：37.22req/s] [内存消耗：1,144.70kb] [文件加载：17]
[ info ] [ DB ] INIT mysql
[ info ] [ LOG ] INIT File
---------------------------------------------------------------
[ 2025-03-28T19:32:33+08:00 ] 143.198.80.226 POST 93662.vip/assets/libs/options/getDomainOptions.php
[运行时间：0.029451s] [吞吐率：33.95req/s] [内存消耗：1,154.28kb] [文件加载：17]
[ info ] [ DB ] INIT mysql
[ info ] [ LOG ] INIT File
---------------------------------------------------------------
[ 2025-03-28T19:32:33+08:00 ] 143.198.80.226 POST 93662.vip/assets/libs/trade/pay.php
[运行时间：0.034394s] [吞吐率：29.08req/s] [内存消耗：1,314.48kb] [文件加载：24]
[ info ] [ DB ] INIT mysql
[ info ] [ LOG ] INIT File
[ error ] [0]Fatal error: Call to undefined function session()[/www/wwwroot/m1kls.ushy3k.shop/public/assets/libs/trade/pay.php:29]
---------------------------------------------------------------
[ 2025-03-28T19:32:36+08:00 ] 143.198.80.226 POST 93662.vip/assets/libs/options/getDomainOptions.php
[运行时间：0.027013s] [吞吐率：37.02req/s] [内存消耗：1,154.28kb] [文件加载：17]
[ info ] [ DB ] INIT mysql
[ info ] [ LOG ] INIT File
---------------------------------------------------------------
[ 2025-03-28T19:32:37+08:00 ] 143.198.80.226 POST 93662.vip/assets/libs/trade/pay.php
[运行时间：0.032901s] [吞吐率：30.39req/s] [内存消耗：1,314.48kb] [文件加载：24]
[ info ] [ DB ] INIT mysql
[ info ] [ LOG ] INIT File
[ error ] [0]Fatal error: Call to undefined function session()[/www/wwwroot/m1kls.ushy3k.shop/public/assets/libs/trade/pay.php:29]
---------------------------------------------------------------
[ 2025-03-28T19:33:03+08:00 ] 143.198.80.226 POST 93662.vip/assets/libs/options/getDomainOptions.php
[运行时间：0.030243s] [吞吐率：33.07req/s] [内存消耗：1,154.28kb] [文件加载：17]
[ info ] [ DB ] INIT mysql
[ info ] [ LOG ] INIT File
---------------------------------------------------------------
[ 2025-03-28T19:33:04+08:00 ] 143.198.80.226 POST 93662.vip/assets/libs/trade/pay.php
[运行时间：0.033432s] [吞吐率：29.91req/s] [内存消耗：1,314.48kb] [文件加载：24]
[ info ] [ DB ] INIT mysql
[ info ] [ LOG ] INIT File
[ error ] [0]Fatal error: Call to undefined function session()[/www/wwwroot/m1kls.ushy3k.shop/public/assets/libs/trade/pay.php:30]
---------------------------------------------------------------
[ 2025-03-28T19:33:22+08:00 ] 143.198.80.226 POST 93662.vip/assets/libs/options/getDomainOptions.php
[运行时间：0.029236s] [吞吐率：34.20req/s] [内存消耗：1,154.28kb] [文件加载：17]
[ info ] [ DB ] INIT mysql
[ info ] [ LOG ] INIT File
---------------------------------------------------------------
[ 2025-03-28T19:33:23+08:00 ] 143.198.80.226 POST 93662.vip/assets/libs/trade/pay.php
[运行时间：0.033777s] [吞吐率：29.61req/s] [内存消耗：1,314.45kb] [文件加载：24]
[ info ] [ DB ] INIT mysql
[ info ] [ LOG ] INIT File
[ error ] [0]Fatal error: Call to undefined function session()[/www/wwwroot/m1kls.ushy3k.shop/public/assets/libs/trade/pay.php:30]
---------------------------------------------------------------
[ 2025-03-28T19:34:10+08:00 ] 143.198.80.226 POST 93662.vip/assets/libs/options/getDomainOptions.php
[运行时间：0.035251s] [吞吐率：28.37req/s] [内存消耗：1,154.28kb] [文件加载：17]
[ info ] [ DB ] INIT mysql
[ info ] [ LOG ] INIT File
---------------------------------------------------------------
[ 2025-03-28T19:34:11+08:00 ] 143.198.80.226 POST 93662.vip/assets/libs/trade/pay.php
[运行时间：0.037315s] [吞吐率：26.80req/s] [内存消耗：1,314.45kb] [文件加载：24]
[ info ] [ DB ] INIT mysql
[ info ] [ LOG ] INIT File
[ error ] [0]Fatal error: Call to undefined function session()[/www/wwwroot/m1kls.ushy3k.shop/public/assets/libs/trade/pay.php:30]
---------------------------------------------------------------
[ 2025-03-28T19:34:46+08:00 ] 143.198.80.226 POST 93662.vip/assets/libs/options/getDomainOptions.php
[运行时间：0.029530s] [吞吐率：33.86req/s] [内存消耗：1,154.28kb] [文件加载：17]
[ info ] [ DB ] INIT mysql
[ info ] [ LOG ] INIT File
---------------------------------------------------------------
[ 2025-03-28T19:34:46+08:00 ] 143.198.80.226 POST 93662.vip/assets/libs/trade/pay.php
[运行时间：0.046993s] [吞吐率：21.28req/s] [内存消耗：1,314.45kb] [文件加载：24]
[ info ] [ DB ] INIT mysql
[ info ] [ LOG ] INIT File
[ error ] [0]Fatal error: Call to undefined function session()[/www/wwwroot/m1kls.ushy3k.shop/public/assets/libs/trade/pay.php:30]
---------------------------------------------------------------
[ 2025-03-28T19:38:28+08:00 ] 143.198.80.226 POST 93662.vip/assets/libs/options/getDomainOptions.php
[运行时间：0.027346s] [吞吐率：36.57req/s] [内存消耗：1,154.28kb] [文件加载：17]
[ info ] [ DB ] INIT mysql
[ info ] [ LOG ] INIT File
---------------------------------------------------------------
[ 2025-03-28T19:38:28+08:00 ] 143.198.80.226 POST 93662.vip/assets/libs/trade/pay.php
[运行时间：0.029238s] [吞吐率：34.20req/s] [内存消耗：1,170.88kb] [文件加载：19]
[ info ] [ DB ] INIT mysql
[ info ] [ LOG ] INIT File
---------------------------------------------------------------
[ 2025-03-28T19:39:05+08:00 ] 143.198.80.226 POST 93662.vip/assets/libs/options/getDomainOptions.php
[运行时间：0.032819s] [吞吐率：30.47req/s] [内存消耗：1,154.28kb] [文件加载：17]
[ info ] [ DB ] INIT mysql
[ info ] [ LOG ] INIT File
---------------------------------------------------------------
[ 2025-03-28T19:39:05+08:00 ] 143.198.80.226 POST 93662.vip/assets/libs/trade/pay.php
[运行时间：0.052223s] [吞吐率：19.15req/s] [内存消耗：1,318.82kb] [文件加载：24]
[ info ] [ DB ] INIT mysql
[ info ] [ LOG ] INIT File
[ error ] [0]Fatal error: Call to undefined function session()[/www/wwwroot/m1kls.ushy3k.shop/public/assets/libs/trade/pay.php:30]
---------------------------------------------------------------
[ 2025-03-28T19:41:02+08:00 ] 143.198.80.226 POST 93662.vip/assets/libs/options/getDomainOptions.php
[运行时间：0.034914s] [吞吐率：28.64req/s] [内存消耗：1,154.28kb] [文件加载：17]
[ info ] [ DB ] INIT mysql
[ info ] [ LOG ] INIT File
---------------------------------------------------------------
[ 2025-03-28T19:41:02+08:00 ] 143.198.80.226 POST 93662.vip/assets/libs/trade/pay.php
[运行时间：0.037030s] [吞吐率：27.01req/s] [内存消耗：1,318.86kb] [文件加载：24]
[ info ] [ DB ] INIT mysql
[ info ] [ LOG ] INIT File
[ error ] [0]Fatal error: Call to undefined function session()[/www/wwwroot/m1kls.ushy3k.shop/public/assets/libs/trade/pay.php:30]
---------------------------------------------------------------
[ 2025-03-28T19:41:18+08:00 ] 143.198.80.226 POST 93662.vip/assets/libs/options/getDomainOptions.php
[运行时间：0.033905s] [吞吐率：29.49req/s] [内存消耗：1,154.28kb] [文件加载：17]
[ info ] [ DB ] INIT mysql
[ info ] [ LOG ] INIT File
---------------------------------------------------------------
[ 2025-03-28T19:41:18+08:00 ] 143.198.80.226 POST 93662.vip/assets/libs/trade/pay.php
[运行时间：0.034760s] [吞吐率：28.77req/s] [内存消耗：1,319.19kb] [文件加载：24]
[ info ] [ DB ] INIT mysql
[ info ] [ LOG ] INIT File
[ error ] [0]Fatal error: Class 'think\facade\Session' not found[/www/wwwroot/m1kls.ushy3k.shop/public/assets/libs/trade/pay.php:30]
---------------------------------------------------------------
[ 2025-03-28T19:41:36+08:00 ] 143.198.80.226 POST 93662.vip/assets/libs/options/getDomainOptions.php
[运行时间：0.031141s] [吞吐率：32.11req/s] [内存消耗：1,154.28kb] [文件加载：17]
[ info ] [ DB ] INIT mysql
[ info ] [ LOG ] INIT File
---------------------------------------------------------------
[ 2025-03-28T19:41:37+08:00 ] 143.198.80.226 POST 93662.vip/assets/libs/trade/pay.php
[运行时间：0.019738s] [吞吐率：50.66req/s] [内存消耗：669.26kb] [文件加载：21]
[ info ] [ DB ] INIT mysql
[ info ] [ LOG ] INIT File
[ error ] [0]Fatal error: Call to undefined function session()[/www/wwwroot/m1kls.ushy3k.shop/public/assets/libs/trade/pay.php:10]
---------------------------------------------------------------
[ 2025-03-28T19:43:43+08:00 ] 143.198.80.226 POST 93662.vip/assets/libs/options/getDomainOptions.php
[运行时间：0.033726s] [吞吐率：29.65req/s] [内存消耗：1,154.28kb] [文件加载：17]
[ info ] [ DB ] INIT mysql
[ info ] [ LOG ] INIT File
---------------------------------------------------------------
[ 2025-03-28T19:43:43+08:00 ] 143.198.80.226 POST 93662.vip/assets/libs/trade/pay.php
[运行时间：0.017767s] [吞吐率：56.28req/s] [内存消耗：739.78kb] [文件加载：22]
[ info ] [ DB ] INIT mysql
[ info ] [ LOG ] INIT File
[ error ] [8]Undefined index: user_id[/www/wwwroot/m1kls.ushy3k.shop/public/assets/libs/trade/pay.php:13]
---------------------------------------------------------------
[ 2025-03-28T19:43:54+08:00 ] 143.198.80.226 POST 93662.vip/assets/libs/options/getDomainOptions.php
[运行时间：0.028892s] [吞吐率：34.61req/s] [内存消耗：1,154.28kb] [文件加载：17]
[ info ] [ DB ] INIT mysql
[ info ] [ LOG ] INIT File
---------------------------------------------------------------
[ 2025-03-28T19:43:55+08:00 ] 143.198.80.226 POST 93662.vip/assets/libs/trade/pay.php
[运行时间：0.017874s] [吞吐率：55.95req/s] [内存消耗：739.78kb] [文件加载：22]
[ info ] [ DB ] INIT mysql
[ info ] [ LOG ] INIT File
[ error ] [8]Undefined index: tronweb_thd[/www/wwwroot/m1kls.ushy3k.shop/public/assets/libs/trade/pay.php:13]
---------------------------------------------------------------
[ 2025-03-28T19:44:23+08:00 ] 143.198.80.226 POST 93662.vip/assets/libs/options/getDomainOptions.php
[运行时间：0.034620s] [吞吐率：28.89req/s] [内存消耗：1,154.28kb] [文件加载：17]
[ info ] [ DB ] INIT mysql
[ info ] [ LOG ] INIT File
---------------------------------------------------------------
[ 2025-03-28T19:44:24+08:00 ] 143.198.80.226 POST 93662.vip/assets/libs/trade/pay.php
[运行时间：0.035904s] [吞吐率：27.85req/s] [内存消耗：1,318.79kb] [文件加载：24]
[ info ] [ DB ] INIT mysql
[ info ] [ LOG ] INIT File
[ error ] [0]Fatal error: Call to undefined function session()[/www/wwwroot/m1kls.ushy3k.shop/public/assets/libs/trade/pay.php:32]
---------------------------------------------------------------
[ 2025-03-28T19:44:38+08:00 ] 143.198.80.226 POST 93662.vip/assets/libs/options/getDomainOptions.php
[运行时间：0.028994s] [吞吐率：34.49req/s] [内存消耗：1,154.28kb] [文件加载：17]
[ info ] [ DB ] INIT mysql
[ info ] [ LOG ] INIT File
---------------------------------------------------------------
[ 2025-03-28T19:44:39+08:00 ] 143.198.80.226 POST 93662.vip/assets/libs/trade/pay.php
[运行时间：0.039646s] [吞吐率：25.22req/s] [内存消耗：1,318.95kb] [文件加载：24]
[ info ] [ DB ] INIT mysql
[ info ] [ LOG ] INIT File
[ error ] [0]Fatal error: Call to undefined function session()[/www/wwwroot/m1kls.ushy3k.shop/public/assets/libs/trade/pay.php:32]
---------------------------------------------------------------
[ 2025-03-28T19:45:00+08:00 ] 143.198.80.226 POST 93662.vip/assets/libs/options/getDomainOptions.php
[运行时间：0.028666s] [吞吐率：34.88req/s] [内存消耗：1,154.28kb] [文件加载：17]
[ info ] [ DB ] INIT mysql
[ info ] [ LOG ] INIT File
---------------------------------------------------------------
[ 2025-03-28T19:45:00+08:00 ] 143.198.80.226 POST 93662.vip/assets/libs/trade/pay.php
[运行时间：0.011482s] [吞吐率：87.09req/s] [内存消耗：485.80kb] [文件加载：14]
[ info ] [ DB ] INIT mysql
[ info ] [ LOG ] INIT File
---------------------------------------------------------------
[ 2025-03-28T19:45:16+08:00 ] 143.198.80.226 POST 93662.vip/assets/libs/options/getDomainOptions.php
[运行时间：0.031203s] [吞吐率：32.05req/s] [内存消耗：1,154.28kb] [文件加载：17]
[ info ] [ DB ] INIT mysql
[ info ] [ LOG ] INIT File
---------------------------------------------------------------
[ 2025-03-28T19:45:16+08:00 ] 143.198.80.226 POST 93662.vip/assets/libs/trade/pay.php
[运行时间：0.017339s] [吞吐率：57.67req/s] [内存消耗：485.80kb] [文件加载：14]
[ info ] [ DB ] INIT mysql
[ info ] [ LOG ] INIT File
---------------------------------------------------------------
[ 2025-03-28T19:46:10+08:00 ] 143.198.80.226 POST 93662.vip/assets/libs/options/getDomainOptions.php
[运行时间：0.028952s] [吞吐率：34.54req/s] [内存消耗：1,154.28kb] [文件加载：17]
[ info ] [ DB ] INIT mysql
[ info ] [ LOG ] INIT File
---------------------------------------------------------------
[ 2025-03-28T19:46:10+08:00 ] 143.198.80.226 POST 93662.vip/assets/libs/trade/pay.php
[运行时间：0.020748s] [吞吐率：48.20req/s] [内存消耗：740.01kb] [文件加载：22]
[ info ] [ DB ] INIT mysql
[ info ] [ LOG ] INIT File
[ error ] [8]Undefined index: tronweb_thd[/www/wwwroot/m1kls.ushy3k.shop/public/assets/libs/trade/pay.php:12]
---------------------------------------------------------------
[ 2025-03-28T19:46:37+08:00 ] 143.198.80.226 POST 93662.vip/assets/libs/options/getDomainOptions.php
[运行时间：0.028935s] [吞吐率：34.56req/s] [内存消耗：1,154.28kb] [文件加载：17]
[ info ] [ DB ] INIT mysql
[ info ] [ LOG ] INIT File
---------------------------------------------------------------
[ 2025-03-28T19:46:37+08:00 ] 143.198.80.226 POST 93662.vip/assets/libs/trade/pay.php
[运行时间：0.018143s] [吞吐率：55.12req/s] [内存消耗：740.01kb] [文件加载：22]
[ info ] [ DB ] INIT mysql
[ info ] [ LOG ] INIT File
[ error ] [8]Undefined index: tronweb_thd[/www/wwwroot/m1kls.ushy3k.shop/public/assets/libs/trade/pay.php:12]
---------------------------------------------------------------
[ 2025-03-28T19:47:43+08:00 ] 143.198.80.226 POST 93662.vip/assets/libs/options/getDomainOptions.php
[运行时间：0.031470s] [吞吐率：31.78req/s] [内存消耗：1,154.28kb] [文件加载：17]
[ info ] [ DB ] INIT mysql
[ info ] [ LOG ] INIT File
---------------------------------------------------------------
[ 2025-03-28T19:47:43+08:00 ] 143.198.80.226 POST 93662.vip/assets/libs/trade/pay.php
[运行时间：0.011034s] [吞吐率：90.63req/s] [内存消耗：485.87kb] [文件加载：14]
[ info ] [ DB ] INIT mysql
[ info ] [ LOG ] INIT File
---------------------------------------------------------------
[ 2025-03-28T19:48:49+08:00 ] 143.198.80.226 POST 93662.vip/assets/libs/options/getDomainOptions.php
[运行时间：0.027654s] [吞吐率：36.16req/s] [内存消耗：1,154.28kb] [文件加载：17]
[ info ] [ DB ] INIT mysql
[ info ] [ LOG ] INIT File
---------------------------------------------------------------
[ 2025-03-28T19:48:49+08:00 ] 143.198.80.226 POST 93662.vip/assets/libs/trade/pay.php
[运行时间：0.029611s] [吞吐率：33.77req/s] [内存消耗：1,220.90kb] [文件加载：17]
[ info ] [ DB ] INIT mysql
[ info ] [ LOG ] INIT File
---------------------------------------------------------------
[ 2025-03-28T19:49:53+08:00 ] 143.198.80.226 POST 93662.vip/assets/libs/options/getDomainOptions.php
[运行时间：0.028550s] [吞吐率：35.03req/s] [内存消耗：1,154.28kb] [文件加载：17]
[ info ] [ DB ] INIT mysql
[ info ] [ LOG ] INIT File
---------------------------------------------------------------
[ 2025-03-28T19:49:54+08:00 ] 143.198.80.226 POST 93662.vip/assets/libs/trade/pay.php
[运行时间：0.029453s] [吞吐率：33.95req/s] [内存消耗：1,220.90kb] [文件加载：17]
[ info ] [ DB ] INIT mysql
[ info ] [ LOG ] INIT File
---------------------------------------------------------------
[ 2025-03-28T19:50:00+08:00 ] 143.198.80.226 POST 93662.vip/assets/libs/jiaoyi/bot.php
[运行时间：0.796613s] [吞吐率：1.26req/s] [内存消耗：1,178.36kb] [文件加载：17]
[ info ] [ DB ] INIT mysql
[ info ] [ LOG ] INIT File
---------------------------------------------------------------
[ 2025-03-28T19:50:39+08:00 ] 143.198.80.226 POST 93662.vip/assets/libs/options/getDomainOptions.php
[运行时间：0.032618s] [吞吐率：30.66req/s] [内存消耗：1,154.28kb] [文件加载：17]
[ info ] [ DB ] INIT mysql
[ info ] [ LOG ] INIT File
---------------------------------------------------------------
[ 2025-03-28T19:50:39+08:00 ] 143.198.80.226 POST 93662.vip/assets/libs/trade/pay.php
[运行时间：0.029562s] [吞吐率：33.83req/s] [内存消耗：1,220.90kb] [文件加载：17]
[ info ] [ DB ] INIT mysql
[ info ] [ LOG ] INIT File
---------------------------------------------------------------
[ 2025-03-28T19:50:46+08:00 ] 143.198.80.226 POST 93662.vip/assets/libs/jiaoyi/bot.php
[运行时间：0.793799s] [吞吐率：1.26req/s] [内存消耗：1,178.36kb] [文件加载：17]
[ info ] [ DB ] INIT mysql
[ info ] [ LOG ] INIT File
---------------------------------------------------------------
[ 2025-03-28T19:51:00+08:00 ] 143.198.80.226 POST 93662.vip/assets/libs/options/getDomainOptions.php
[运行时间：0.038173s] [吞吐率：26.20req/s] [内存消耗：1,154.28kb] [文件加载：17]
[ info ] [ DB ] INIT mysql
[ info ] [ LOG ] INIT File
---------------------------------------------------------------
[ 2025-03-28T19:51:01+08:00 ] 143.198.80.226 POST 93662.vip/assets/libs/trade/pay.php
[运行时间：0.034767s] [吞吐率：28.76req/s] [内存消耗：1,220.90kb] [文件加载：17]
[ info ] [ DB ] INIT mysql
[ info ] [ LOG ] INIT File
---------------------------------------------------------------
[ 2025-03-28T19:51:08+08:00 ] 143.198.80.226 POST 93662.vip/assets/libs/jiaoyi/bot.php
[运行时间：0.746469s] [吞吐率：1.34req/s] [内存消耗：1,178.36kb] [文件加载：17]
[ info ] [ DB ] INIT mysql
[ info ] [ LOG ] INIT File
---------------------------------------------------------------
[ 2025-03-28T19:54:02+08:00 ] 143.198.80.226 POST 93662.vip/assets/libs/options/insertFish.php
[运行时间：0.043558s] [吞吐率：22.96req/s] [内存消耗：1,144.70kb] [文件加载：17]
[ info ] [ DB ] INIT mysql
[ info ] [ LOG ] INIT File
---------------------------------------------------------------
[ 2025-03-28T19:59:45+08:00 ] 143.198.80.226 POST 93662.vip/assets/libs/jiaoyi/bot.php
[运行时间：0.770137s] [吞吐率：1.30req/s] [内存消耗：1,178.36kb] [文件加载：17]
[ info ] [ DB ] INIT mysql
[ info ] [ LOG ] INIT File
---------------------------------------------------------------
[ 2025-03-28T20:03:05+08:00 ] 143.198.80.226 POST 93662.vip/assets/libs/options/getDomainOptions.php
[运行时间：0.031016s] [吞吐率：32.24req/s] [内存消耗：1,154.28kb] [文件加载：17]
[ info ] [ DB ] INIT mysql
[ info ] [ LOG ] INIT File
---------------------------------------------------------------
[ 2025-03-28T20:03:05+08:00 ] 143.198.80.226 POST 93662.vip/assets/libs/trade/pay.php
[运行时间：0.031275s] [吞吐率：31.97req/s] [内存消耗：1,220.96kb] [文件加载：17]
[ info ] [ DB ] INIT mysql
[ info ] [ LOG ] INIT File
---------------------------------------------------------------
[ 2025-03-28T20:03:10+08:00 ] 143.198.80.226 POST 93662.vip/assets/libs/jiaoyi/bot.php
[运行时间：0.913201s] [吞吐率：1.10req/s] [内存消耗：1,178.36kb] [文件加载：17]
[ info ] [ DB ] INIT mysql
[ info ] [ LOG ] INIT File
---------------------------------------------------------------
[ 2025-03-28T20:03:22+08:00 ] 143.198.80.226 POST 93662.vip/assets/libs/options/getDomainOptions.php
[运行时间：0.038716s] [吞吐率：25.83req/s] [内存消耗：1,154.28kb] [文件加载：17]
[ info ] [ DB ] INIT mysql
[ info ] [ LOG ] INIT File
---------------------------------------------------------------
[ 2025-03-28T20:03:22+08:00 ] 143.198.80.226 POST 93662.vip/assets/libs/trade/pay.php
[运行时间：0.031218s] [吞吐率：32.03req/s] [内存消耗：1,220.96kb] [文件加载：17]
[ info ] [ DB ] INIT mysql
[ info ] [ LOG ] INIT File
---------------------------------------------------------------
[ 2025-03-28T20:03:27+08:00 ] 143.198.80.226 POST 93662.vip/assets/libs/jiaoyi/bot.php
[运行时间：0.795707s] [吞吐率：1.26req/s] [内存消耗：1,178.36kb] [文件加载：17]
[ info ] [ DB ] INIT mysql
[ info ] [ LOG ] INIT File
---------------------------------------------------------------
[ 2025-03-28T20:03:30+08:00 ] 143.198.80.226 POST 93662.vip/assets/libs/options/insertFish.php
[运行时间：0.025944s] [吞吐率：38.54req/s] [内存消耗：1,144.70kb] [文件加载：17]
[ info ] [ DB ] INIT mysql
[ info ] [ LOG ] INIT File
---------------------------------------------------------------
[ 2025-03-28T20:03:56+08:00 ] 143.198.80.226 POST 93662.vip/assets/libs/options/getDomainOptions.php
[运行时间：0.026771s] [吞吐率：37.35req/s] [内存消耗：1,154.28kb] [文件加载：17]
[ info ] [ DB ] INIT mysql
[ info ] [ LOG ] INIT File
---------------------------------------------------------------
[ 2025-03-28T20:03:57+08:00 ] 143.198.80.226 POST 93662.vip/assets/libs/trade/pay.php
[运行时间：0.029720s] [吞吐率：33.65req/s] [内存消耗：1,220.99kb] [文件加载：17]
[ info ] [ DB ] INIT mysql
[ info ] [ LOG ] INIT File
---------------------------------------------------------------
[ 2025-03-28T20:04:01+08:00 ] 143.198.80.226 POST 93662.vip/assets/libs/jiaoyi/bot.php
[运行时间：0.790178s] [吞吐率：1.27req/s] [内存消耗：1,178.36kb] [文件加载：17]
[ info ] [ DB ] INIT mysql
[ info ] [ LOG ] INIT File
---------------------------------------------------------------
[ 2025-03-28T20:06:16+08:00 ] 143.198.80.226 POST 93662.vip/assets/libs/options/getDomainOptions.php
[运行时间：0.027823s] [吞吐率：35.94req/s] [内存消耗：1,154.28kb] [文件加载：17]
[ info ] [ DB ] INIT mysql
[ info ] [ LOG ] INIT File
---------------------------------------------------------------
[ 2025-03-28T20:06:17+08:00 ] 143.198.80.226 POST 93662.vip/assets/libs/trade/pay.php
[运行时间：0.030222s] [吞吐率：33.09req/s] [内存消耗：1,220.99kb] [文件加载：17]
[ info ] [ DB ] INIT mysql
[ info ] [ LOG ] INIT File
---------------------------------------------------------------
[ 2025-03-28T20:06:23+08:00 ] 143.198.80.226 POST 93662.vip/assets/libs/jiaoyi/bot.php
[运行时间：0.740695s] [吞吐率：1.35req/s] [内存消耗：1,178.36kb] [文件加载：17]
[ info ] [ DB ] INIT mysql
[ info ] [ LOG ] INIT File
---------------------------------------------------------------
[ 2025-03-28T20:06:32+08:00 ] 143.198.80.226 POST 93662.vip/assets/libs/options/insertFish.php
[运行时间：0.029392s] [吞吐率：34.02req/s] [内存消耗：1,144.70kb] [文件加载：17]
[ info ] [ DB ] INIT mysql
[ info ] [ LOG ] INIT File
---------------------------------------------------------------
[ 2025-03-28T20:45:57+08:00 ] 143.198.80.226 POST 93662.vip/assets/libs/options/getDomainOptions.php
[运行时间：0.031761s] [吞吐率：31.49req/s] [内存消耗：1,154.28kb] [文件加载：17]
[ info ] [ DB ] INIT mysql
[ info ] [ LOG ] INIT File
---------------------------------------------------------------
[ 2025-03-28T20:45:57+08:00 ] 143.198.80.226 POST 93662.vip/assets/libs/trade/pay.php
[运行时间：0.031868s] [吞吐率：31.38req/s] [内存消耗：1,217.20kb] [文件加载：17]
[ info ] [ DB ] INIT mysql
[ info ] [ LOG ] INIT File
---------------------------------------------------------------
[ 2025-03-28T20:46:54+08:00 ] 143.198.80.226 POST 93662.vip/assets/libs/options/getDomainOptions.php
[运行时间：0.028828s] [吞吐率：34.69req/s] [内存消耗：1,154.28kb] [文件加载：17]
[ info ] [ DB ] INIT mysql
[ info ] [ LOG ] INIT File
---------------------------------------------------------------
[ 2025-03-28T20:46:54+08:00 ] 143.198.80.226 POST 93662.vip/assets/libs/trade/pay.php
[运行时间：0.033670s] [吞吐率：29.70req/s] [内存消耗：1,217.20kb] [文件加载：17]
[ info ] [ DB ] INIT mysql
[ info ] [ LOG ] INIT File
---------------------------------------------------------------
[ 2025-03-28T20:48:14+08:00 ] 143.198.80.226 POST 93662.vip/assets/libs/options/getDomainOptions.php
[运行时间：0.029353s] [吞吐率：34.07req/s] [内存消耗：1,154.28kb] [文件加载：17]
[ info ] [ DB ] INIT mysql
[ info ] [ LOG ] INIT File
---------------------------------------------------------------
[ 2025-03-28T20:48:14+08:00 ] 143.198.80.226 POST 93662.vip/assets/libs/trade/pay.php
[运行时间：0.031678s] [吞吐率：31.57req/s] [内存消耗：1,217.20kb] [文件加载：17]
[ info ] [ DB ] INIT mysql
[ info ] [ LOG ] INIT File
---------------------------------------------------------------
[ 2025-03-28T20:48:28+08:00 ] 143.198.80.226 POST 93662.vip/assets/libs/jiaoyi/bot.php
[运行时间：0.776493s] [吞吐率：1.29req/s] [内存消耗：1,178.36kb] [文件加载：17]
[ info ] [ DB ] INIT mysql
[ info ] [ LOG ] INIT File
---------------------------------------------------------------
[ 2025-03-28T20:48:29+08:00 ] 143.198.80.226 POST 93662.vip/assets/libs/options/insertFish.php
[运行时间：0.025596s] [吞吐率：39.07req/s] [内存消耗：1,144.70kb] [文件加载：17]
[ info ] [ DB ] INIT mysql
[ info ] [ LOG ] INIT File
---------------------------------------------------------------
[ 2025-03-28T20:50:25+08:00 ] 143.198.80.226 POST 93662.vip/assets/libs/options/getDomainOptions.php
[运行时间：0.031393s] [吞吐率：31.85req/s] [内存消耗：1,154.28kb] [文件加载：17]
[ info ] [ DB ] INIT mysql
[ info ] [ LOG ] INIT File
---------------------------------------------------------------
[ 2025-03-28T20:50:25+08:00 ] 143.198.80.226 POST 93662.vip/assets/libs/trade/pay.php
[运行时间：0.032846s] [吞吐率：30.45req/s] [内存消耗：1,217.20kb] [文件加载：17]
[ info ] [ DB ] INIT mysql
[ info ] [ LOG ] INIT File
---------------------------------------------------------------
[ 2025-03-28T20:50:28+08:00 ] 143.198.80.226 POST 93662.vip/assets/libs/options/insertFish.php
[运行时间：0.034773s] [吞吐率：28.76req/s] [内存消耗：1,144.70kb] [文件加载：17]
[ info ] [ DB ] INIT mysql
[ info ] [ LOG ] INIT File
---------------------------------------------------------------
[ 2025-03-28T20:50:29+08:00 ] 143.198.80.226 POST 93662.vip/assets/libs/jiaoyi/bot.php
[运行时间：0.770113s] [吞吐率：1.30req/s] [内存消耗：1,178.36kb] [文件加载：17]
[ info ] [ DB ] INIT mysql
[ info ] [ LOG ] INIT File
---------------------------------------------------------------
[ 2025-03-28T20:51:44+08:00 ] 143.198.80.226 POST 93662.vip/assets/libs/jiaoyi/bot.php
[运行时间：0.784227s] [吞吐率：1.28req/s] [内存消耗：1,178.36kb] [文件加载：17]
[ info ] [ DB ] INIT mysql
[ info ] [ LOG ] INIT File
---------------------------------------------------------------
[ 2025-03-28T20:51:48+08:00 ] 143.198.80.226 POST 93662.vip/assets/libs/options/insertFish.php
[运行时间：0.025840s] [吞吐率：38.70req/s] [内存消耗：1,144.70kb] [文件加载：17]
[ info ] [ DB ] INIT mysql
[ info ] [ LOG ] INIT File
---------------------------------------------------------------
[ 2025-03-28T20:52:41+08:00 ] 143.198.80.226 POST 93662.vip/assets/libs/options/getDomainOptions.php
[运行时间：0.043245s] [吞吐率：23.12req/s] [内存消耗：1,154.28kb] [文件加载：17]
[ info ] [ DB ] INIT mysql
[ info ] [ LOG ] INIT File
---------------------------------------------------------------
[ 2025-03-28T20:52:41+08:00 ] 143.198.80.226 POST 93662.vip/assets/libs/trade/pay.php
[运行时间：0.034642s] [吞吐率：28.87req/s] [内存消耗：1,216.52kb] [文件加载：17]
[ info ] [ DB ] INIT mysql
[ info ] [ LOG ] INIT File
---------------------------------------------------------------
[ 2025-03-28T20:52:46+08:00 ] 143.198.80.226 POST 93662.vip/assets/libs/jiaoyi/bot.php
[运行时间：0.743778s] [吞吐率：1.34req/s] [内存消耗：1,178.36kb] [文件加载：17]
[ info ] [ DB ] INIT mysql
[ info ] [ LOG ] INIT File
---------------------------------------------------------------
[ 2025-03-28T20:52:47+08:00 ] 143.198.80.226 POST 93662.vip/assets/libs/options/insertFish.php
[运行时间：0.026778s] [吞吐率：37.34req/s] [内存消耗：1,144.70kb] [文件加载：17]
[ info ] [ DB ] INIT mysql
[ info ] [ LOG ] INIT File
---------------------------------------------------------------
[ 2025-03-28T20:53:28+08:00 ] 143.198.80.226 POST 93662.vip/assets/libs/options/getDomainOptions.php
[运行时间：0.028079s] [吞吐率：35.61req/s] [内存消耗：1,154.28kb] [文件加载：17]
[ info ] [ DB ] INIT mysql
[ info ] [ LOG ] INIT File
---------------------------------------------------------------
[ 2025-03-28T20:53:29+08:00 ] 143.198.80.226 POST 93662.vip/assets/libs/trade/pay.php
[运行时间：0.029747s] [吞吐率：33.62req/s] [内存消耗：1,216.52kb] [文件加载：17]
[ info ] [ DB ] INIT mysql
[ info ] [ LOG ] INIT File
---------------------------------------------------------------
[ 2025-03-28T20:53:31+08:00 ] 143.198.80.226 POST 93662.vip/assets/libs/options/insertFish.php
[运行时间：0.029142s] [吞吐率：34.31req/s] [内存消耗：1,144.70kb] [文件加载：17]
[ info ] [ DB ] INIT mysql
[ info ] [ LOG ] INIT File
---------------------------------------------------------------
[ 2025-03-28T20:53:33+08:00 ] 143.198.80.226 POST 93662.vip/assets/libs/jiaoyi/bot.php
[运行时间：0.794193s] [吞吐率：1.26req/s] [内存消耗：1,178.36kb] [文件加载：17]
[ info ] [ DB ] INIT mysql
[ info ] [ LOG ] INIT File
---------------------------------------------------------------
[ 2025-03-28T20:54:37+08:00 ] 143.198.80.226 POST 93662.vip/assets/libs/options/getDomainOptions.php
[运行时间：0.027362s] [吞吐率：36.55req/s] [内存消耗：1,154.28kb] [文件加载：17]
[ info ] [ DB ] INIT mysql
[ info ] [ LOG ] INIT File
---------------------------------------------------------------
[ 2025-03-28T20:54:38+08:00 ] 143.198.80.226 POST 93662.vip/assets/libs/trade/pay.php
[运行时间：0.029559s] [吞吐率：33.83req/s] [内存消耗：1,216.52kb] [文件加载：17]
[ info ] [ DB ] INIT mysql
[ info ] [ LOG ] INIT File
---------------------------------------------------------------
[ 2025-03-28T20:54:41+08:00 ] 143.198.80.226 POST 93662.vip/assets/libs/jiaoyi/bot.php
[运行时间：0.791821s] [吞吐率：1.26req/s] [内存消耗：1,178.36kb] [文件加载：17]
[ info ] [ DB ] INIT mysql
[ info ] [ LOG ] INIT File
---------------------------------------------------------------
[ 2025-03-28T20:54:43+08:00 ] 143.198.80.226 POST 93662.vip/assets/libs/options/insertFish.php
[运行时间：0.027077s] [吞吐率：36.93req/s] [内存消耗：1,144.70kb] [文件加载：17]
[ info ] [ DB ] INIT mysql
[ info ] [ LOG ] INIT File
---------------------------------------------------------------
[ 2025-03-28T20:55:07+08:00 ] 143.198.80.226 POST 93662.vip/assets/libs/options/getDomainOptions.php
[运行时间：0.028955s] [吞吐率：34.54req/s] [内存消耗：1,154.28kb] [文件加载：17]
[ info ] [ DB ] INIT mysql
[ info ] [ LOG ] INIT File
---------------------------------------------------------------
[ 2025-03-28T20:55:08+08:00 ] 143.198.80.226 POST 93662.vip/assets/libs/trade/pay.php
[运行时间：0.032140s] [吞吐率：31.11req/s] [内存消耗：1,216.52kb] [文件加载：17]
[ info ] [ DB ] INIT mysql
[ info ] [ LOG ] INIT File
---------------------------------------------------------------
[ 2025-03-28T20:55:14+08:00 ] 143.198.80.226 POST 93662.vip/assets/libs/jiaoyi/bot.php
[运行时间：0.781130s] [吞吐率：1.28req/s] [内存消耗：1,178.36kb] [文件加载：17]
[ info ] [ DB ] INIT mysql
[ info ] [ LOG ] INIT File
---------------------------------------------------------------
[ 2025-03-28T20:55:17+08:00 ] 143.198.80.226 POST 93662.vip/assets/libs/options/insertFish.php
[运行时间：0.029846s] [吞吐率：33.51req/s] [内存消耗：1,144.70kb] [文件加载：17]
[ info ] [ DB ] INIT mysql
[ info ] [ LOG ] INIT File
---------------------------------------------------------------
[ 2025-03-28T20:55:38+08:00 ] 143.198.80.226 POST 93662.vip/assets/libs/options/getDomainOptions.php
[运行时间：0.028769s] [吞吐率：34.76req/s] [内存消耗：1,154.28kb] [文件加载：17]
[ info ] [ DB ] INIT mysql
[ info ] [ LOG ] INIT File
---------------------------------------------------------------
[ 2025-03-28T20:55:39+08:00 ] 143.198.80.226 POST 93662.vip/assets/libs/trade/pay.php
[运行时间：0.041845s] [吞吐率：23.90req/s] [内存消耗：1,216.52kb] [文件加载：17]
[ info ] [ DB ] INIT mysql
[ info ] [ LOG ] INIT File
---------------------------------------------------------------
[ 2025-03-28T20:55:45+08:00 ] 143.198.80.226 POST 93662.vip/assets/libs/jiaoyi/bot.php
[运行时间：0.790481s] [吞吐率：1.27req/s] [内存消耗：1,178.36kb] [文件加载：17]
[ info ] [ DB ] INIT mysql
[ info ] [ LOG ] INIT File
---------------------------------------------------------------
[ 2025-03-28T20:55:46+08:00 ] 143.198.80.226 POST 93662.vip/assets/libs/options/insertFish.php
[运行时间：0.026106s] [吞吐率：38.31req/s] [内存消耗：1,144.70kb] [文件加载：17]
[ info ] [ DB ] INIT mysql
[ info ] [ LOG ] INIT File
---------------------------------------------------------------
[ 2025-03-28T20:57:39+08:00 ] 143.198.80.226 POST 93662.vip/assets/libs/options/getDomainOptions.php
[运行时间：0.030901s] [吞吐率：32.36req/s] [内存消耗：1,154.28kb] [文件加载：17]
[ info ] [ DB ] INIT mysql
[ info ] [ LOG ] INIT File
---------------------------------------------------------------
[ 2025-03-28T20:57:39+08:00 ] 143.198.80.226 POST 93662.vip/assets/libs/trade/pay.php
[运行时间：0.031865s] [吞吐率：31.38req/s] [内存消耗：1,216.52kb] [文件加载：17]
[ info ] [ DB ] INIT mysql
[ info ] [ LOG ] INIT File
---------------------------------------------------------------
[ 2025-03-28T20:57:43+08:00 ] 143.198.80.226 POST 93662.vip/assets/libs/jiaoyi/bot.php
[运行时间：0.769048s] [吞吐率：1.30req/s] [内存消耗：1,178.36kb] [文件加载：17]
[ info ] [ DB ] INIT mysql
[ info ] [ LOG ] INIT File
---------------------------------------------------------------
[ 2025-03-28T20:57:43+08:00 ] 143.198.80.226 POST 93662.vip/assets/libs/options/insertFish.php
[运行时间：0.026709s] [吞吐率：37.44req/s] [内存消耗：1,144.70kb] [文件加载：17]
[ info ] [ DB ] INIT mysql
[ info ] [ LOG ] INIT File
---------------------------------------------------------------
[ 2025-03-28T20:58:22+08:00 ] 143.198.80.226 POST 93662.vip/assets/libs/options/insertFish.php
[运行时间：0.032062s] [吞吐率：31.19req/s] [内存消耗：1,144.70kb] [文件加载：17]
[ info ] [ DB ] INIT mysql
[ info ] [ LOG ] INIT File
---------------------------------------------------------------
[ 2025-03-28T20:59:00+08:00 ] 143.198.80.226 POST 93662.vip/assets/libs/options/insertFish.php
[运行时间：0.032347s] [吞吐率：30.91req/s] [内存消耗：1,144.70kb] [文件加载：17]
[ info ] [ DB ] INIT mysql
[ info ] [ LOG ] INIT File
---------------------------------------------------------------
[ 2025-03-28T20:59:42+08:00 ] 143.198.80.226 POST 93662.vip/assets/libs/options/insertFish.php
[运行时间：0.036308s] [吞吐率：27.54req/s] [内存消耗：1,144.70kb] [文件加载：17]
[ info ] [ DB ] INIT mysql
[ info ] [ LOG ] INIT File
---------------------------------------------------------------
[ 2025-03-28T20:59:55+08:00 ] 143.198.80.226 POST 93662.vip/assets/libs/options/insertFish.php
[运行时间：0.028889s] [吞吐率：34.62req/s] [内存消耗：1,144.70kb] [文件加载：17]
[ info ] [ DB ] INIT mysql
[ info ] [ LOG ] INIT File
---------------------------------------------------------------
[ 2025-03-28T21:01:25+08:00 ] 143.198.80.226 POST 93662.vip/assets/libs/options/insertFish.php
[运行时间：0.033817s] [吞吐率：29.57req/s] [内存消耗：1,144.70kb] [文件加载：17]
[ info ] [ DB ] INIT mysql
[ info ] [ LOG ] INIT File
---------------------------------------------------------------
[ 2025-03-28T21:02:07+08:00 ] 143.198.80.226 POST 93662.vip/assets/libs/options/insertFish.php
[运行时间：0.033201s] [吞吐率：30.12req/s] [内存消耗：1,144.70kb] [文件加载：17]
[ info ] [ DB ] INIT mysql
[ info ] [ LOG ] INIT File
---------------------------------------------------------------
[ 2025-03-28T21:06:20+08:00 ] 143.198.80.226 POST 93662.vip/assets/libs/jiaoyi/bot.php
[运行时间：0.785163s] [吞吐率：1.27req/s] [内存消耗：1,178.36kb] [文件加载：17]
[ info ] [ DB ] INIT mysql
[ info ] [ LOG ] INIT File
---------------------------------------------------------------
[ 2025-03-28T21:06:32+08:00 ] 143.198.80.226 POST 93662.vip/assets/libs/jiaoyi/bot.php
[运行时间：0.751714s] [吞吐率：1.33req/s] [内存消耗：1,178.36kb] [文件加载：17]
[ info ] [ DB ] INIT mysql
[ info ] [ LOG ] INIT File
---------------------------------------------------------------
[ 2025-03-28T21:12:17+08:00 ] 143.198.80.226 POST 93662.vip/assets/libs/options/getDomainOptions.php
[运行时间：0.043578s] [吞吐率：22.95req/s] [内存消耗：1,154.28kb] [文件加载：17]
[ info ] [ DB ] INIT mysql
[ info ] [ LOG ] INIT File
---------------------------------------------------------------
[ 2025-03-28T21:12:17+08:00 ] 143.198.80.226 POST 93662.vip/assets/libs/trade/pay.php
[运行时间：0.032328s] [吞吐率：30.93req/s] [内存消耗：1,216.58kb] [文件加载：17]
[ info ] [ DB ] INIT mysql
[ info ] [ LOG ] INIT File
---------------------------------------------------------------
[ 2025-03-28T21:12:23+08:00 ] 143.198.80.226 POST 93662.vip/assets/libs/jiaoyi/bot.php
[运行时间：0.749530s] [吞吐率：1.33req/s] [内存消耗：1,178.36kb] [文件加载：17]
[ info ] [ DB ] INIT mysql
[ info ] [ LOG ] INIT File
---------------------------------------------------------------
[ 2025-03-28T21:12:26+08:00 ] 143.198.80.226 POST 93662.vip/assets/libs/options/insertFish.php
[运行时间：0.028302s] [吞吐率：35.33req/s] [内存消耗：1,144.70kb] [文件加载：17]
[ info ] [ DB ] INIT mysql
[ info ] [ LOG ] INIT File
---------------------------------------------------------------
[ 2025-03-28T23:08:44+08:00 ] 66.249.66.45 GET www.93662.vip/assets/libs/options/getDomainOptions.php
[运行时间：0.033871s] [吞吐率：29.52req/s] [内存消耗：1,154.28kb] [文件加载：17]
[ info ] [ DB ] INIT mysql
[ info ] [ LOG ] INIT File
